c:\users\thomas\documents\school\semester 4\programming iv\pacman_engine\minigin\x64\debug\minigin.pch
c:\users\thomas\documents\school\semester 4\programming iv\pacman_engine\minigin\x64\debug\vc141.pdb
c:\users\thomas\documents\school\semester 4\programming iv\pacman_engine\minigin\x64\debug\vc141.idb
c:\users\thomas\documents\school\semester 4\programming iv\pacman_engine\minigin\x64\debug\miniginpch.obj
c:\users\thomas\documents\school\semester 4\programming iv\pacman_engine\minigin\x64\debug\font.obj
c:\users\thomas\documents\school\semester 4\programming iv\pacman_engine\minigin\x64\debug\gameobject.obj
c:\users\thomas\documents\school\semester 4\programming iv\pacman_engine\minigin\x64\debug\inputmanager.obj
c:\users\thomas\documents\school\semester 4\programming iv\pacman_engine\minigin\x64\debug\log.obj
c:\users\thomas\documents\school\semester 4\programming iv\pacman_engine\minigin\x64\debug\maingame.obj
c:\users\thomas\documents\school\semester 4\programming iv\pacman_engine\minigin\x64\debug\minigin.obj
c:\users\thomas\documents\school\semester 4\programming iv\pacman_engine\minigin\x64\debug\renderer.obj
c:\users\thomas\documents\school\semester 4\programming iv\pacman_engine\minigin\x64\debug\resourcemanager.obj
c:\users\thomas\documents\school\semester 4\programming iv\pacman_engine\minigin\x64\debug\scene.obj
c:\users\thomas\documents\school\semester 4\programming iv\pacman_engine\minigin\x64\debug\scenemanager.obj
c:\users\thomas\documents\school\semester 4\programming iv\pacman_engine\minigin\x64\debug\textobject.obj
c:\users\thomas\documents\school\semester 4\programming iv\pacman_engine\minigin\x64\debug\texture2d.obj
c:\users\thomas\documents\school\semester 4\programming iv\pacman_engine\minigin\x64\debug\transform.obj
c:\users\thomas\documents\school\semester 4\programming iv\pacman_engine\x64\debug\minigin.pdb
c:\users\thomas\documents\school\semester 4\programming iv\pacman_engine\minigin\x64\debug\minigin.tlog\cl.command.1.tlog
c:\users\thomas\documents\school\semester 4\programming iv\pacman_engine\minigin\x64\debug\minigin.tlog\cl.read.1.tlog
c:\users\thomas\documents\school\semester 4\programming iv\pacman_engine\minigin\x64\debug\minigin.tlog\cl.write.1.tlog
c:\users\thomas\documents\school\semester 4\programming iv\pacman_engine\minigin\x64\debug\minigin.tlog\link-cvtres.read.1.tlog
c:\users\thomas\documents\school\semester 4\programming iv\pacman_engine\minigin\x64\debug\minigin.tlog\link-cvtres.write.1.tlog
c:\users\thomas\documents\school\semester 4\programming iv\pacman_engine\minigin\x64\debug\minigin.tlog\link-rc.read.1.tlog
c:\users\thomas\documents\school\semester 4\programming iv\pacman_engine\minigin\x64\debug\minigin.tlog\link-rc.write.1.tlog
c:\users\thomas\documents\school\semester 4\programming iv\pacman_engine\minigin\x64\debug\minigin.tlog\link.command.1.tlog
c:\users\thomas\documents\school\semester 4\programming iv\pacman_engine\minigin\x64\debug\minigin.tlog\link.read.1.tlog
c:\users\thomas\documents\school\semester 4\programming iv\pacman_engine\minigin\x64\debug\minigin.tlog\link.write.1.tlog
